<?xml version="1.0" encoding="utf-8"?><testsuites name="pytest tests"><testsuite name="pytest" errors="0" failures="0" skipped="0" tests="11" time="17.884" timestamp="2026-05-07T00:30:01.925653+00:00" hostname="agent-env-5042c750-1d1c-4e16-a322-77c88b01dd59"><testcase classname="backend.tests.test_dbstudio_redesign_api.TestHealth" name="test_health" time="0.202" /><testcase classname="backend.tests.test_dbstudio_redesign_api.TestWorkflows" name="test_list_workflows" time="0.084" /><testcase classname="backend.tests.test_dbstudio_redesign_api.TestWorkflows" name="test_get_all_sources_demo" time="0.125" /><testcase classname="backend.tests.test_dbstudio_redesign_api.TestDrafts" name="test_list_drafts" time="0.072" /><testcase classname="backend.tests.test_dbstudio_redesign_api.TestNodeManifest" name="test_node_manifest" time="0.083" /><testcase classname="backend.tests.test_dbstudio_redesign_api.TestContracts" name="test_contracts" time="0.087" /><testcase classname="backend.tests.test_dbstudio_redesign_api.TestCopilot" name="test_skills" time="0.078" /><testcase classname="backend.tests.test_dbstudio_redesign_api.TestCopilot" name="test_guardrails" time="0.075" /><testcase classname="backend.tests.test_dbstudio_redesign_api.TestCopilot" name="test_chat_hi" time="1.765" /><testcase classname="backend.tests.test_dbstudio_redesign_api.TestCopilot" name="test_generate_workflow" time="15.130" /><testcase classname="backend.tests.test_dbstudio_redesign_api.TestValidate" name="test_validate_simple_workflow" time="0.092" /></testsuite></testsuites>